15:40:47.917 [main] INFO  org.pigeon.apps.pigeoncrud.pigeonApp - Starting pigeonApp using Java 1.8.0_392-392 on Zivo with PID 4904 (C:\Users\zulfu\OneDrive\Masaüstü\pigeon\target\classes started by zulfu in C:\Users\zulfu\OneDrive\Masaüstü\pigeon)
15:40:47.921 [main] INFO  org.pigeon.apps.pigeoncrud.pigeonApp - No active profile set, falling back to 1 default profile: "default"
15:40:48.308 [main] INFO  org.springframework.data.repository.config.RepositoryConfigurationDelegate - Bootstrapping Spring Data JPA repositories in DEFAULT mode.
15:40:48.420 [main] INFO  org.springframework.data.repository.config.RepositoryConfigurationDelegate - Finished Spring Data repository scanning in 106 ms. Found 1 JPA repository interfaces.
15:40:48.916 [main] INFO  org.hibernate.jpa.internal.util.LogHelper - HHH000204: Processing PersistenceUnitInfo [name: default]
15:40:48.950 [main] INFO  org.hibernate.Version - HHH000412: Hibernate ORM core version 5.6.15.Final
15:40:49.077 [main] INFO  org.hibernate.annotations.common.Version - HCANN000001: Hibernate Commons Annotations {5.1.2.Final}
15:40:49.192 [main] INFO  com.zaxxer.hikari.HikariDataSource - HikariPool-1 - Starting...
15:40:49.364 [main] INFO  com.zaxxer.hikari.HikariDataSource - HikariPool-1 - Start completed.
15:40:49.375 [main] INFO  org.hibernate.dialect.Dialect - HHH000400: Using dialect: org.hibernate.dialect.PostgreSQL82Dialect
15:40:49.853 [main] INFO  org.hibernate.engine.transaction.jta.platform.internal.JtaPlatformInitiator - HHH000490: Using JtaPlatform implementation: [org.hibernate.engine.transaction.jta.platform.internal.NoJtaPlatform]
15:40:49.860 [main] INFO  org.springframework.orm.jpa.LocalContainerEntityManagerFactoryBean - Initialized JPA EntityManagerFactory for persistence unit 'default'
15:40:50.673 [main] INFO  org.springframework.boot.web.embedded.netty.NettyWebServer - Netty started on port 8080
15:40:50.680 [main] INFO  org.pigeon.apps.pigeoncrud.pigeonApp - Started pigeonApp in 3.016 seconds (JVM running for 3.582)
15:40:57.324 [reactor-http-nio-3] INFO  org.pigeon.apps.pigeoncrud.services.CustomerService - All customers returned for Http request at: 1702384857322
15:41:06.591 [SpringApplicationShutdownHook] INFO  org.springframework.orm.jpa.LocalContainerEntityManagerFactoryBean - Closing JPA EntityManagerFactory for persistence unit 'default'
15:41:06.594 [SpringApplicationShutdownHook] INFO  com.zaxxer.hikari.HikariDataSource - HikariPool-1 - Shutdown initiated...
15:41:06.600 [SpringApplicationShutdownHook] INFO  com.zaxxer.hikari.HikariDataSource - HikariPool-1 - Shutdown completed.
16:04:20.990 [main] INFO  org.pigeon.apps.pigeoncrud.pigeonApp - Starting pigeonApp using Java 1.8.0_392-392 on Zivo with PID 15080 (C:\Users\zulfu\OneDrive\Masaüstü\pigeon\target\classes started by zulfu in C:\Users\zulfu\OneDrive\Masaüstü\pigeon)
16:04:21.016 [main] INFO  org.pigeon.apps.pigeoncrud.pigeonApp - No active profile set, falling back to 1 default profile: "default"
16:04:21.420 [main] INFO  org.springframework.data.repository.config.RepositoryConfigurationDelegate - Bootstrapping Spring Data JPA repositories in DEFAULT mode.
16:04:21.557 [main] INFO  org.springframework.data.repository.config.RepositoryConfigurationDelegate - Finished Spring Data repository scanning in 128 ms. Found 1 JPA repository interfaces.
16:04:22.190 [main] INFO  org.hibernate.jpa.internal.util.LogHelper - HHH000204: Processing PersistenceUnitInfo [name: default]
16:04:22.233 [main] INFO  org.hibernate.Version - HHH000412: Hibernate ORM core version 5.6.15.Final
16:04:22.376 [main] INFO  org.hibernate.annotations.common.Version - HCANN000001: Hibernate Commons Annotations {5.1.2.Final}
16:04:22.513 [main] INFO  com.zaxxer.hikari.HikariDataSource - HikariPool-1 - Starting...
16:04:22.928 [main] INFO  com.zaxxer.hikari.HikariDataSource - HikariPool-1 - Start completed.
16:04:22.941 [main] INFO  org.hibernate.dialect.Dialect - HHH000400: Using dialect: org.hibernate.dialect.PostgreSQL82Dialect
16:04:23.447 [main] INFO  org.hibernate.engine.transaction.jta.platform.internal.JtaPlatformInitiator - HHH000490: Using JtaPlatform implementation: [org.hibernate.engine.transaction.jta.platform.internal.NoJtaPlatform]
16:04:23.455 [main] INFO  org.springframework.orm.jpa.LocalContainerEntityManagerFactoryBean - Initialized JPA EntityManagerFactory for persistence unit 'default'
16:04:24.210 [main] INFO  org.springframework.boot.web.embedded.netty.NettyWebServer - Netty started on port 8080
16:04:24.217 [main] INFO  org.pigeon.apps.pigeoncrud.pigeonApp - Started pigeonApp in 3.501 seconds (JVM running for 5.852)
16:04:26.143 [reactor-http-nio-3] INFO  org.apache.kafka.clients.producer.ProducerConfig - ProducerConfig values: 
	acks = -1
	batch.size = 16384
	bootstrap.servers = [192.168.56.101:9092]
	buffer.memory = 33554432
	client.dns.lookup = use_all_dns_ips
	client.id = producer-1
	compression.type = none
	connections.max.idle.ms = 540000
	delivery.timeout.ms = 120000
	enable.idempotence = true
	interceptor.classes = []
	key.serializer = class org.apache.kafka.common.serialization.StringSerializer
	linger.ms = 0
	max.block.ms = 60000
	max.in.flight.requests.per.connection = 5
	max.request.size = 1048576
	metadata.max.age.ms = 300000
	metadata.max.idle.ms = 300000
	metric.reporters = []
	metrics.num.samples = 2
	metrics.recording.level = INFO
	metrics.sample.window.ms = 30000
	partitioner.class = class org.apache.kafka.clients.producer.internals.DefaultPartitioner
	receive.buffer.bytes = 32768
	reconnect.backoff.max.ms = 1000
	reconnect.backoff.ms = 50
	request.timeout.ms = 30000
	retries = 2147483647
	retry.backoff.ms = 100
	sasl.client.callback.handler.class = null
	sasl.jaas.config = null
	sasl.kerberos.kinit.cmd = /usr/bin/kinit
	sasl.kerberos.min.time.before.relogin = 60000
	sasl.kerberos.service.name = null
	sasl.kerberos.ticket.renew.jitter = 0.05
	sasl.kerberos.ticket.renew.window.factor = 0.8
	sasl.login.callback.handler.class = null
	sasl.login.class = null
	sasl.login.connect.timeout.ms = null
	sasl.login.read.timeout.ms = null
	sasl.login.refresh.buffer.seconds = 300
	sasl.login.refresh.min.period.seconds = 60
	sasl.login.refresh.window.factor = 0.8
	sasl.login.refresh.window.jitter = 0.05
	sasl.login.retry.backoff.max.ms = 10000
	sasl.login.retry.backoff.ms = 100
	sasl.mechanism = GSSAPI
	sasl.oauthbearer.clock.skew.seconds = 30
	sasl.oauthbearer.expected.audience = null
	sasl.oauthbearer.expected.issuer = null
	sasl.oauthbearer.jwks.endpoint.refresh.ms = 3600000
	sasl.oauthbearer.jwks.endpoint.retry.backoff.max.ms = 10000
	sasl.oauthbearer.jwks.endpoint.retry.backoff.ms = 100
	sasl.oauthbearer.jwks.endpoint.url = null
	sasl.oauthbearer.scope.claim.name = scope
	sasl.oauthbearer.sub.claim.name = sub
	sasl.oauthbearer.token.endpoint.url = null
	security.protocol = PLAINTEXT
	security.providers = null
	send.buffer.bytes = 131072
	socket.connection.setup.timeout.max.ms = 30000
	socket.connection.setup.timeout.ms = 10000
	ssl.cipher.suites = null
	ssl.enabled.protocols = [TLSv1.2]
	ssl.endpoint.identification.algorithm = https
	ssl.engine.factory.class = null
	ssl.key.password = null
	ssl.keymanager.algorithm = SunX509
	ssl.keystore.certificate.chain = null
	ssl.keystore.key = null
	ssl.keystore.location = null
	ssl.keystore.password = null
	ssl.keystore.type = JKS
	ssl.protocol = TLSv1.2
	ssl.provider = null
	ssl.secure.random.implementation = null
	ssl.trustmanager.algorithm = PKIX
	ssl.truststore.certificates = null
	ssl.truststore.location = null
	ssl.truststore.password = null
	ssl.truststore.type = JKS
	transaction.timeout.ms = 60000
	transactional.id = null
	value.serializer = class org.apache.kafka.common.serialization.StringSerializer

16:04:26.175 [reactor-http-nio-3] INFO  org.apache.kafka.clients.producer.KafkaProducer - [Producer clientId=producer-1] Instantiated an idempotent producer.
16:04:26.225 [reactor-http-nio-3] INFO  org.apache.kafka.common.utils.AppInfoParser - Kafka version: 3.1.2
16:04:26.225 [reactor-http-nio-3] INFO  org.apache.kafka.common.utils.AppInfoParser - Kafka commitId: f8c67dc3ae0a3265
16:04:26.225 [reactor-http-nio-3] INFO  org.apache.kafka.common.utils.AppInfoParser - Kafka startTimeMs: 1702386266223
16:04:28.431 [kafka-producer-network-thread | producer-1] INFO  org.apache.kafka.clients.NetworkClient - [Producer clientId=producer-1] Node -1 disconnected.
16:04:28.433 [kafka-producer-network-thread | producer-1] WARN  org.apache.kafka.clients.NetworkClient - [Producer clientId=producer-1] Connection to node -1 (/192.168.56.101:9092) could not be established. Broker may not be available.
16:04:28.433 [kafka-producer-network-thread | producer-1] WARN  org.apache.kafka.clients.NetworkClient - [Producer clientId=producer-1] Bootstrap broker 192.168.56.101:9092 (id: -1 rack: null) disconnected
16:04:30.535 [kafka-producer-network-thread | producer-1] INFO  org.apache.kafka.clients.NetworkClient - [Producer clientId=producer-1] Node -1 disconnected.
16:04:30.535 [kafka-producer-network-thread | producer-1] WARN  org.apache.kafka.clients.NetworkClient - [Producer clientId=producer-1] Connection to node -1 (/192.168.56.101:9092) could not be established. Broker may not be available.
16:04:30.535 [kafka-producer-network-thread | producer-1] WARN  org.apache.kafka.clients.NetworkClient - [Producer clientId=producer-1] Bootstrap broker 192.168.56.101:9092 (id: -1 rack: null) disconnected
16:04:32.637 [kafka-producer-network-thread | producer-1] INFO  org.apache.kafka.clients.NetworkClient - [Producer clientId=producer-1] Node -1 disconnected.
16:04:32.637 [kafka-producer-network-thread | producer-1] WARN  org.apache.kafka.clients.NetworkClient - [Producer clientId=producer-1] Connection to node -1 (/192.168.56.101:9092) could not be established. Broker may not be available.
16:04:32.637 [kafka-producer-network-thread | producer-1] WARN  org.apache.kafka.clients.NetworkClient - [Producer clientId=producer-1] Bootstrap broker 192.168.56.101:9092 (id: -1 rack: null) disconnected
16:04:34.842 [kafka-producer-network-thread | producer-1] INFO  org.apache.kafka.clients.NetworkClient - [Producer clientId=producer-1] Node -1 disconnected.
16:04:34.842 [kafka-producer-network-thread | producer-1] WARN  org.apache.kafka.clients.NetworkClient - [Producer clientId=producer-1] Connection to node -1 (/192.168.56.101:9092) could not be established. Broker may not be available.
16:04:34.842 [kafka-producer-network-thread | producer-1] WARN  org.apache.kafka.clients.NetworkClient - [Producer clientId=producer-1] Bootstrap broker 192.168.56.101:9092 (id: -1 rack: null) disconnected
16:04:37.356 [kafka-producer-network-thread | producer-1] INFO  org.apache.kafka.clients.NetworkClient - [Producer clientId=producer-1] Node -1 disconnected.
16:04:37.356 [kafka-producer-network-thread | producer-1] WARN  org.apache.kafka.clients.NetworkClient - [Producer clientId=producer-1] Connection to node -1 (/192.168.56.101:9092) could not be established. Broker may not be available.
16:04:37.356 [kafka-producer-network-thread | producer-1] WARN  org.apache.kafka.clients.NetworkClient - [Producer clientId=producer-1] Bootstrap broker 192.168.56.101:9092 (id: -1 rack: null) disconnected
16:04:40.118 [kafka-producer-network-thread | producer-1] INFO  org.apache.kafka.clients.NetworkClient - [Producer clientId=producer-1] Node -1 disconnected.
16:04:40.118 [kafka-producer-network-thread | producer-1] WARN  org.apache.kafka.clients.NetworkClient - [Producer clientId=producer-1] Connection to node -1 (/192.168.56.101:9092) could not be established. Broker may not be available.
16:04:40.118 [kafka-producer-network-thread | producer-1] WARN  org.apache.kafka.clients.NetworkClient - [Producer clientId=producer-1] Bootstrap broker 192.168.56.101:9092 (id: -1 rack: null) disconnected
16:04:43.030 [kafka-producer-network-thread | producer-1] INFO  org.apache.kafka.clients.NetworkClient - [Producer clientId=producer-1] Node -1 disconnected.
16:04:43.030 [kafka-producer-network-thread | producer-1] WARN  org.apache.kafka.clients.NetworkClient - [Producer clientId=producer-1] Connection to node -1 (/192.168.56.101:9092) could not be established. Broker may not be available.
16:04:43.030 [kafka-producer-network-thread | producer-1] WARN  org.apache.kafka.clients.NetworkClient - [Producer clientId=producer-1] Bootstrap broker 192.168.56.101:9092 (id: -1 rack: null) disconnected
16:04:46.195 [kafka-producer-network-thread | producer-1] INFO  org.apache.kafka.clients.NetworkClient - [Producer clientId=producer-1] Node -1 disconnected.
16:04:46.195 [kafka-producer-network-thread | producer-1] WARN  org.apache.kafka.clients.NetworkClient - [Producer clientId=producer-1] Connection to node -1 (/192.168.56.101:9092) could not be established. Broker may not be available.
16:04:46.195 [kafka-producer-network-thread | producer-1] WARN  org.apache.kafka.clients.NetworkClient - [Producer clientId=producer-1] Bootstrap broker 192.168.56.101:9092 (id: -1 rack: null) disconnected
16:04:49.157 [kafka-producer-network-thread | producer-1] INFO  org.apache.kafka.clients.NetworkClient - [Producer clientId=producer-1] Node -1 disconnected.
16:04:49.157 [kafka-producer-network-thread | producer-1] WARN  org.apache.kafka.clients.NetworkClient - [Producer clientId=producer-1] Connection to node -1 (/192.168.56.101:9092) could not be established. Broker may not be available.
16:04:49.157 [kafka-producer-network-thread | producer-1] WARN  org.apache.kafka.clients.NetworkClient - [Producer clientId=producer-1] Bootstrap broker 192.168.56.101:9092 (id: -1 rack: null) disconnected
16:04:52.121 [kafka-producer-network-thread | producer-1] INFO  org.apache.kafka.clients.NetworkClient - [Producer clientId=producer-1] Node -1 disconnected.
16:04:52.121 [kafka-producer-network-thread | producer-1] WARN  org.apache.kafka.clients.NetworkClient - [Producer clientId=producer-1] Connection to node -1 (/192.168.56.101:9092) could not be established. Broker may not be available.
16:04:52.122 [kafka-producer-network-thread | producer-1] WARN  org.apache.kafka.clients.NetworkClient - [Producer clientId=producer-1] Bootstrap broker 192.168.56.101:9092 (id: -1 rack: null) disconnected
16:04:55.035 [kafka-producer-network-thread | producer-1] INFO  org.apache.kafka.clients.NetworkClient - [Producer clientId=producer-1] Node -1 disconnected.
16:04:55.035 [kafka-producer-network-thread | producer-1] WARN  org.apache.kafka.clients.NetworkClient - [Producer clientId=producer-1] Connection to node -1 (/192.168.56.101:9092) could not be established. Broker may not be available.
16:04:55.035 [kafka-producer-network-thread | producer-1] WARN  org.apache.kafka.clients.NetworkClient - [Producer clientId=producer-1] Bootstrap broker 192.168.56.101:9092 (id: -1 rack: null) disconnected
16:04:58.149 [kafka-producer-network-thread | producer-1] INFO  org.apache.kafka.clients.NetworkClient - [Producer clientId=producer-1] Node -1 disconnected.
16:04:58.149 [kafka-producer-network-thread | producer-1] WARN  org.apache.kafka.clients.NetworkClient - [Producer clientId=producer-1] Connection to node -1 (/192.168.56.101:9092) could not be established. Broker may not be available.
16:04:58.149 [kafka-producer-network-thread | producer-1] WARN  org.apache.kafka.clients.NetworkClient - [Producer clientId=producer-1] Bootstrap broker 192.168.56.101:9092 (id: -1 rack: null) disconnected
16:05:01.214 [kafka-producer-network-thread | producer-1] INFO  org.apache.kafka.clients.NetworkClient - [Producer clientId=producer-1] Node -1 disconnected.
16:05:01.214 [kafka-producer-network-thread | producer-1] WARN  org.apache.kafka.clients.NetworkClient - [Producer clientId=producer-1] Connection to node -1 (/192.168.56.101:9092) could not be established. Broker may not be available.
16:05:01.214 [kafka-producer-network-thread | producer-1] WARN  org.apache.kafka.clients.NetworkClient - [Producer clientId=producer-1] Bootstrap broker 192.168.56.101:9092 (id: -1 rack: null) disconnected
16:05:01.821 [SpringApplicationShutdownHook] INFO  org.apache.kafka.clients.producer.KafkaProducer - [Producer clientId=producer-1] Closing the Kafka producer with timeoutMillis = 30000 ms.
16:05:01.825 [SpringApplicationShutdownHook] INFO  org.apache.kafka.common.metrics.Metrics - Metrics scheduler closed
16:05:01.825 [SpringApplicationShutdownHook] INFO  org.apache.kafka.common.metrics.Metrics - Closing reporter org.apache.kafka.common.metrics.JmxReporter
16:05:01.825 [SpringApplicationShutdownHook] INFO  org.apache.kafka.common.metrics.Metrics - Metrics reporters closed
16:05:01.825 [SpringApplicationShutdownHook] INFO  org.apache.kafka.common.utils.AppInfoParser - App info kafka.producer for producer-1 unregistered
16:05:01.826 [SpringApplicationShutdownHook] INFO  org.springframework.orm.jpa.LocalContainerEntityManagerFactoryBean - Closing JPA EntityManagerFactory for persistence unit 'default'
16:05:01.827 [SpringApplicationShutdownHook] INFO  com.zaxxer.hikari.HikariDataSource - HikariPool-1 - Shutdown initiated...
16:05:01.835 [SpringApplicationShutdownHook] INFO  com.zaxxer.hikari.HikariDataSource - HikariPool-1 - Shutdown completed.
16:08:01.101 [main] INFO  org.pigeon.apps.pigeoncrud.pigeonApp - Starting pigeonApp using Java 1.8.0_392-392 on Zivo with PID 9264 (C:\Users\zulfu\OneDrive\Masaüstü\pigeon\target\classes started by zulfu in C:\Users\zulfu\OneDrive\Masaüstü\pigeon)
16:08:01.124 [main] INFO  org.pigeon.apps.pigeoncrud.pigeonApp - No active profile set, falling back to 1 default profile: "default"
16:08:01.516 [main] INFO  org.springframework.data.repository.config.RepositoryConfigurationDelegate - Bootstrapping Spring Data JPA repositories in DEFAULT mode.
16:08:01.645 [main] INFO  org.springframework.data.repository.config.RepositoryConfigurationDelegate - Finished Spring Data repository scanning in 119 ms. Found 1 JPA repository interfaces.
16:08:02.208 [main] INFO  org.hibernate.jpa.internal.util.LogHelper - HHH000204: Processing PersistenceUnitInfo [name: default]
16:08:02.252 [main] INFO  org.hibernate.Version - HHH000412: Hibernate ORM core version 5.6.15.Final
16:08:02.392 [main] INFO  org.hibernate.annotations.common.Version - HCANN000001: Hibernate Commons Annotations {5.1.2.Final}
16:08:02.513 [main] INFO  com.zaxxer.hikari.HikariDataSource - HikariPool-1 - Starting...
16:08:02.695 [main] INFO  com.zaxxer.hikari.HikariDataSource - HikariPool-1 - Start completed.
16:08:02.708 [main] INFO  org.hibernate.dialect.Dialect - HHH000400: Using dialect: org.hibernate.dialect.PostgreSQL82Dialect
16:08:03.165 [main] INFO  org.hibernate.engine.transaction.jta.platform.internal.JtaPlatformInitiator - HHH000490: Using JtaPlatform implementation: [org.hibernate.engine.transaction.jta.platform.internal.NoJtaPlatform]
16:08:03.174 [main] INFO  org.springframework.orm.jpa.LocalContainerEntityManagerFactoryBean - Initialized JPA EntityManagerFactory for persistence unit 'default'
16:08:03.987 [main] INFO  org.springframework.boot.web.embedded.netty.NettyWebServer - Netty started on port 8080
16:08:03.993 [main] INFO  org.pigeon.apps.pigeoncrud.pigeonApp - Started pigeonApp in 3.177 seconds (JVM running for 3.851)
16:08:13.095 [reactor-http-nio-3] INFO  org.apache.kafka.clients.producer.ProducerConfig - ProducerConfig values: 
	acks = -1
	batch.size = 16384
	bootstrap.servers = [192.168.56.101:9092]
	buffer.memory = 33554432
	client.dns.lookup = use_all_dns_ips
	client.id = producer-1
	compression.type = none
	connections.max.idle.ms = 540000
	delivery.timeout.ms = 120000
	enable.idempotence = true
	interceptor.classes = []
	key.serializer = class org.apache.kafka.common.serialization.StringSerializer
	linger.ms = 0
	max.block.ms = 60000
	max.in.flight.requests.per.connection = 5
	max.request.size = 1048576
	metadata.max.age.ms = 300000
	metadata.max.idle.ms = 300000
	metric.reporters = []
	metrics.num.samples = 2
	metrics.recording.level = INFO
	metrics.sample.window.ms = 30000
	partitioner.class = class org.apache.kafka.clients.producer.internals.DefaultPartitioner
	receive.buffer.bytes = 32768
	reconnect.backoff.max.ms = 1000
	reconnect.backoff.ms = 50
	request.timeout.ms = 30000
	retries = 2147483647
	retry.backoff.ms = 100
	sasl.client.callback.handler.class = null
	sasl.jaas.config = null
	sasl.kerberos.kinit.cmd = /usr/bin/kinit
	sasl.kerberos.min.time.before.relogin = 60000
	sasl.kerberos.service.name = null
	sasl.kerberos.ticket.renew.jitter = 0.05
	sasl.kerberos.ticket.renew.window.factor = 0.8
	sasl.login.callback.handler.class = null
	sasl.login.class = null
	sasl.login.connect.timeout.ms = null
	sasl.login.read.timeout.ms = null
	sasl.login.refresh.buffer.seconds = 300
	sasl.login.refresh.min.period.seconds = 60
	sasl.login.refresh.window.factor = 0.8
	sasl.login.refresh.window.jitter = 0.05
	sasl.login.retry.backoff.max.ms = 10000
	sasl.login.retry.backoff.ms = 100
	sasl.mechanism = GSSAPI
	sasl.oauthbearer.clock.skew.seconds = 30
	sasl.oauthbearer.expected.audience = null
	sasl.oauthbearer.expected.issuer = null
	sasl.oauthbearer.jwks.endpoint.refresh.ms = 3600000
	sasl.oauthbearer.jwks.endpoint.retry.backoff.max.ms = 10000
	sasl.oauthbearer.jwks.endpoint.retry.backoff.ms = 100
	sasl.oauthbearer.jwks.endpoint.url = null
	sasl.oauthbearer.scope.claim.name = scope
	sasl.oauthbearer.sub.claim.name = sub
	sasl.oauthbearer.token.endpoint.url = null
	security.protocol = PLAINTEXT
	security.providers = null
	send.buffer.bytes = 131072
	socket.connection.setup.timeout.max.ms = 30000
	socket.connection.setup.timeout.ms = 10000
	ssl.cipher.suites = null
	ssl.enabled.protocols = [TLSv1.2]
	ssl.endpoint.identification.algorithm = https
	ssl.engine.factory.class = null
	ssl.key.password = null
	ssl.keymanager.algorithm = SunX509
	ssl.keystore.certificate.chain = null
	ssl.keystore.key = null
	ssl.keystore.location = null
	ssl.keystore.password = null
	ssl.keystore.type = JKS
	ssl.protocol = TLSv1.2
	ssl.provider = null
	ssl.secure.random.implementation = null
	ssl.trustmanager.algorithm = PKIX
	ssl.truststore.certificates = null
	ssl.truststore.location = null
	ssl.truststore.password = null
	ssl.truststore.type = JKS
	transaction.timeout.ms = 60000
	transactional.id = null
	value.serializer = class org.apache.kafka.common.serialization.StringSerializer

16:08:13.119 [reactor-http-nio-3] INFO  org.apache.kafka.clients.producer.KafkaProducer - [Producer clientId=producer-1] Instantiated an idempotent producer.
16:08:13.158 [reactor-http-nio-3] INFO  org.apache.kafka.common.utils.AppInfoParser - Kafka version: 3.1.2
16:08:13.159 [reactor-http-nio-3] INFO  org.apache.kafka.common.utils.AppInfoParser - Kafka commitId: f8c67dc3ae0a3265
16:08:13.159 [reactor-http-nio-3] INFO  org.apache.kafka.common.utils.AppInfoParser - Kafka startTimeMs: 1702386493157
16:08:13.485 [kafka-producer-network-thread | producer-1] WARN  org.apache.kafka.clients.NetworkClient - [Producer clientId=producer-1] Error while fetching metadata with correlation id 1 : {pigeon_topic=LEADER_NOT_AVAILABLE}
16:08:13.486 [kafka-producer-network-thread | producer-1] INFO  org.apache.kafka.clients.Metadata - [Producer clientId=producer-1] Cluster ID: JEfvgwocRuuO9s6yXgA1fA
16:08:13.487 [kafka-producer-network-thread | producer-1] INFO  org.apache.kafka.clients.producer.internals.TransactionManager - [Producer clientId=producer-1] ProducerId set to 0 with epoch 0
16:08:13.602 [kafka-producer-network-thread | producer-1] WARN  org.apache.kafka.clients.NetworkClient - [Producer clientId=producer-1] Error while fetching metadata with correlation id 4 : {pigeon_topic=LEADER_NOT_AVAILABLE}
16:17:13.713 [kafka-producer-network-thread | producer-1] INFO  org.apache.kafka.clients.NetworkClient - [Producer clientId=producer-1] Node -1 disconnected.
19:35:37.842 [SpringApplicationShutdownHook] INFO  org.apache.kafka.clients.producer.KafkaProducer - [Producer clientId=producer-1] Closing the Kafka producer with timeoutMillis = 30000 ms.
19:35:37.845 [SpringApplicationShutdownHook] INFO  org.apache.kafka.common.metrics.Metrics - Metrics scheduler closed
19:35:37.845 [SpringApplicationShutdownHook] INFO  org.apache.kafka.common.metrics.Metrics - Closing reporter org.apache.kafka.common.metrics.JmxReporter
19:35:37.845 [SpringApplicationShutdownHook] INFO  org.apache.kafka.common.metrics.Metrics - Metrics reporters closed
19:35:37.846 [SpringApplicationShutdownHook] INFO  org.apache.kafka.common.utils.AppInfoParser - App info kafka.producer for producer-1 unregistered
19:35:37.847 [SpringApplicationShutdownHook] INFO  org.springframework.orm.jpa.LocalContainerEntityManagerFactoryBean - Closing JPA EntityManagerFactory for persistence unit 'default'
19:35:37.848 [SpringApplicationShutdownHook] INFO  com.zaxxer.hikari.HikariDataSource - HikariPool-1 - Shutdown initiated...
19:35:38.399 [SpringApplicationShutdownHook] INFO  com.zaxxer.hikari.HikariDataSource - HikariPool-1 - Shutdown completed.
21:35:37.322 [background-preinit] INFO  org.hibernate.validator.internal.util.Version - HV000001: Hibernate Validator 6.2.5.Final
21:35:37.531 [main] WARN  org.springframework.context.annotation.AnnotationConfigApplicationContext - Exception encountered during context initialization - cancelling refresh attempt: org.springframework.beans.factory.BeanCreationException: Error creating bean with name 'configurationPropertiesBeans' defined in class path resource [org/springframework/cloud/autoconfigure/ConfigurationPropertiesRebinderAutoConfiguration.class]: Post-processing of merged bean definition failed; nested exception is java.lang.IllegalStateException: Failed to introspect Class [org.springframework.cloud.context.properties.ConfigurationPropertiesBeans] from ClassLoader [sun.misc.Launcher$AppClassLoader@18b4aac2]
21:35:37.620 [main] INFO  org.springframework.boot.autoconfigure.logging.ConditionEvaluationReportLoggingListener - 

Error starting ApplicationContext. To display the conditions report re-run your application with 'debug' enabled.
21:50:00.874 [background-preinit] INFO  org.hibernate.validator.internal.util.Version - HV000001: Hibernate Validator 6.2.5.Final
21:50:01.064 [main] WARN  org.springframework.context.annotation.AnnotationConfigApplicationContext - Exception encountered during context initialization - cancelling refresh attempt: org.springframework.beans.factory.BeanCreationException: Error creating bean with name 'configurationPropertiesBeans' defined in class path resource [org/springframework/cloud/autoconfigure/ConfigurationPropertiesRebinderAutoConfiguration.class]: Post-processing of merged bean definition failed; nested exception is java.lang.IllegalStateException: Failed to introspect Class [org.springframework.cloud.context.properties.ConfigurationPropertiesBeans] from ClassLoader [sun.misc.Launcher$AppClassLoader@18b4aac2]
21:50:01.162 [main] INFO  org.springframework.boot.autoconfigure.logging.ConditionEvaluationReportLoggingListener - 
21:51:35.043 [main] INFO  org.pigeon.apps.pigeoncrud.pigeonApp - Starting pigeonApp using Java 1.8.0_392-392 on Zivo with PID 11788 (C:\Users\zulfu\OneDrive\Masaüstü\pigeon\target\classes started by zulfu in C:\Users\zulfu\OneDrive\Masaüstü\pigeon)
21:51:35.052 [main] INFO  org.pigeon.apps.pigeoncrud.pigeonApp - No active profile set, falling back to 1 default profile: "default"
21:51:35.425 [main] INFO  org.springframework.data.repository.config.RepositoryConfigurationDelegate - Bootstrapping Spring Data JPA repositories in DEFAULT mode.
21:51:35.527 [main] INFO  org.springframework.data.repository.config.RepositoryConfigurationDelegate - Finished Spring Data repository scanning in 95 ms. Found 1 JPA repository interfaces.
21:51:36.086 [main] INFO  org.hibernate.jpa.internal.util.LogHelper - HHH000204: Processing PersistenceUnitInfo [name: default]
21:51:36.123 [main] INFO  org.hibernate.Version - HHH000412: Hibernate ORM core version 5.6.15.Final
21:51:36.261 [main] INFO  org.hibernate.annotations.common.Version - HCANN000001: Hibernate Commons Annotations {5.1.2.Final}
21:51:36.396 [main] INFO  com.zaxxer.hikari.HikariDataSource - HikariPool-1 - Starting...
21:51:36.586 [main] INFO  com.zaxxer.hikari.HikariDataSource - HikariPool-1 - Start completed.
21:51:36.597 [main] INFO  org.hibernate.dialect.Dialect - HHH000400: Using dialect: org.hibernate.dialect.PostgreSQL82Dialect
21:51:37.074 [main] INFO  org.hibernate.engine.transaction.jta.platform.internal.JtaPlatformInitiator - HHH000490: Using JtaPlatform implementation: [org.hibernate.engine.transaction.jta.platform.internal.NoJtaPlatform]
21:51:37.080 [main] INFO  org.springframework.orm.jpa.LocalContainerEntityManagerFactoryBean - Initialized JPA EntityManagerFactory for persistence unit 'default'
21:51:37.806 [main] INFO  org.springframework.boot.web.embedded.netty.NettyWebServer - Netty started on port 8080
21:51:37.813 [main] INFO  org.pigeon.apps.pigeoncrud.pigeonApp - Started pigeonApp in 2.992 seconds (JVM running for 3.551)
21:51:49.794 [reactor-http-nio-3] INFO  org.pigeon.apps.pigeoncrud.services.CustomerService - All customers returned for Http request at: 1702407109794
21:51:51.606 [SpringApplicationShutdownHook] INFO  org.springframework.orm.jpa.LocalContainerEntityManagerFactoryBean - Closing JPA EntityManagerFactory for persistence unit 'default'
21:51:51.607 [SpringApplicationShutdownHook] INFO  com.zaxxer.hikari.HikariDataSource - HikariPool-1 - Shutdown initiated...
21:51:51.615 [SpringApplicationShutdownHook] INFO  com.zaxxer.hikari.HikariDataSource - HikariPool-1 - Shutdown completed.
22:06:09.117 [main] INFO  org.pigeon.apps.pigeoncrud.pigeonApp - Starting pigeonApp using Java 1.8.0_392-392 on Zivo with PID 16052 (C:\Users\zulfu\OneDrive\Masaüstü\pigeon\target\classes started by zulfu in C:\Users\zulfu\OneDrive\Masaüstü\pigeon)
22:06:09.120 [main] INFO  org.pigeon.apps.pigeoncrud.pigeonApp - No active profile set, falling back to 1 default profile: "default"
22:06:09.562 [main] INFO  org.springframework.data.repository.config.RepositoryConfigurationDelegate - Bootstrapping Spring Data JPA repositories in DEFAULT mode.
22:06:09.682 [main] INFO  org.springframework.data.repository.config.RepositoryConfigurationDelegate - Finished Spring Data repository scanning in 111 ms. Found 1 JPA repository interfaces.
22:06:10.222 [main] INFO  org.hibernate.jpa.internal.util.LogHelper - HHH000204: Processing PersistenceUnitInfo [name: default]
22:06:10.259 [main] INFO  org.hibernate.Version - HHH000412: Hibernate ORM core version 5.6.15.Final
22:06:10.383 [main] INFO  org.hibernate.annotations.common.Version - HCANN000001: Hibernate Commons Annotations {5.1.2.Final}
22:06:10.516 [main] INFO  com.zaxxer.hikari.HikariDataSource - HikariPool-1 - Starting...
22:06:10.707 [main] INFO  com.zaxxer.hikari.HikariDataSource - HikariPool-1 - Start completed.
22:06:10.722 [main] INFO  org.hibernate.dialect.Dialect - HHH000400: Using dialect: org.hibernate.dialect.PostgreSQL82Dialect
22:06:11.280 [main] INFO  org.hibernate.engine.transaction.jta.platform.internal.JtaPlatformInitiator - HHH000490: Using JtaPlatform implementation: [org.hibernate.engine.transaction.jta.platform.internal.NoJtaPlatform]
22:06:11.289 [main] INFO  org.springframework.orm.jpa.LocalContainerEntityManagerFactoryBean - Initialized JPA EntityManagerFactory for persistence unit 'default'
22:06:12.191 [main] INFO  org.springframework.boot.web.embedded.netty.NettyWebServer - Netty started on port 8080
22:06:12.200 [main] INFO  org.pigeon.apps.pigeoncrud.pigeonApp - Started pigeonApp in 3.351 seconds (JVM running for 4.168)
22:06:32.419 [reactor-http-nio-3] INFO  org.pigeon.apps.pigeoncrud.services.CustomerService - All customers returned for Http request at: 1702407992419
22:35:44.479 [SpringApplicationShutdownHook] INFO  org.springframework.orm.jpa.LocalContainerEntityManagerFactoryBean - Closing JPA EntityManagerFactory for persistence unit 'default'
22:35:44.481 [SpringApplicationShutdownHook] INFO  com.zaxxer.hikari.HikariDataSource - HikariPool-1 - Shutdown initiated...
22:35:44.499 [SpringApplicationShutdownHook] INFO  com.zaxxer.hikari.HikariDataSource - HikariPool-1 - Shutdown completed.
22:36:39.755 [main] INFO  org.pigeon.apps.pigeoncrud.pigeonApp - Starting pigeonApp using Java 1.8.0_392-392 on Zivo with PID 5496 (C:\Users\zulfu\OneDrive\Masaüstü\pigeon\target\classes started by zulfu in C:\Users\zulfu\OneDrive\Masaüstü\pigeon)
22:36:39.758 [main] INFO  org.pigeon.apps.pigeoncrud.pigeonApp - No active profile set, falling back to 1 default profile: "default"
22:36:40.258 [main] INFO  org.springframework.data.repository.config.RepositoryConfigurationDelegate - Bootstrapping Spring Data JPA repositories in DEFAULT mode.
22:36:40.428 [main] INFO  org.springframework.data.repository.config.RepositoryConfigurationDelegate - Finished Spring Data repository scanning in 160 ms. Found 1 JPA repository interfaces.
22:36:41.060 [main] INFO  org.hibernate.jpa.internal.util.LogHelper - HHH000204: Processing PersistenceUnitInfo [name: default]
22:36:41.111 [main] INFO  org.hibernate.Version - HHH000412: Hibernate ORM core version 5.6.15.Final
22:36:41.261 [main] INFO  org.hibernate.annotations.common.Version - HCANN000001: Hibernate Commons Annotations {5.1.2.Final}
22:36:41.406 [main] INFO  com.zaxxer.hikari.HikariDataSource - HikariPool-1 - Starting...
22:36:41.623 [main] INFO  com.zaxxer.hikari.HikariDataSource - HikariPool-1 - Start completed.
22:36:41.638 [main] INFO  org.hibernate.dialect.Dialect - HHH000400: Using dialect: org.hibernate.dialect.PostgreSQL82Dialect
22:36:42.170 [main] INFO  org.hibernate.engine.transaction.jta.platform.internal.JtaPlatformInitiator - HHH000490: Using JtaPlatform implementation: [org.hibernate.engine.transaction.jta.platform.internal.NoJtaPlatform]
22:36:42.178 [main] INFO  org.springframework.orm.jpa.LocalContainerEntityManagerFactoryBean - Initialized JPA EntityManagerFactory for persistence unit 'default'
22:36:42.961 [main] INFO  org.springframework.boot.web.embedded.netty.NettyWebServer - Netty started on port 8080
22:36:42.966 [main] INFO  org.pigeon.apps.pigeoncrud.pigeonApp - Started pigeonApp in 3.488 seconds (JVM running for 4.259)
22:36:48.497 [reactor-http-nio-3] INFO  org.pigeon.apps.pigeoncrud.services.CustomerService - All customers returned for Http request at: 1702409808497
22:38:43.563 [reactor-http-nio-3] INFO  org.pigeon.apps.pigeoncrud.services.CustomerService - All customers returned for Http request at: 1702409923563
22:50:01.354 [reactor-http-nio-3] INFO  org.pigeon.apps.pigeoncrud.services.CustomerService - All customers returned for Http request at: 1702410601354
22:51:40.872 [reactor-http-nio-6] INFO  org.pigeon.apps.pigeoncrud.services.CustomerService - All customers returned for Http request at: 1702410700872
22:53:40.596 [reactor-http-nio-3] INFO  org.pigeon.apps.pigeoncrud.services.CustomerService - All customers returned for Http request at: 1702410820596
22:54:02.742 [reactor-http-nio-3] INFO  org.pigeon.apps.pigeoncrud.services.CustomerService - All customers returned for Http request at: 1702410842742
22:55:29.023 [reactor-http-nio-6] INFO  org.pigeon.apps.pigeoncrud.services.CustomerService - All customers returned for Http request at: 1702410929023
22:55:33.835 [reactor-http-nio-6] INFO  org.pigeon.apps.pigeoncrud.services.CustomerService - All customers returned for Http request at: 1702410933835
22:55:38.690 [reactor-http-nio-6] INFO  org.pigeon.apps.pigeoncrud.services.CustomerService - All customers returned for Http request at: 1702410938690
22:58:42.360 [reactor-http-nio-3] INFO  org.pigeon.apps.pigeoncrud.services.CustomerService - All customers returned for Http request at: 1702411122360
23:00:38.107 [reactor-http-nio-3] INFO  org.pigeon.apps.pigeoncrud.services.CustomerService - All customers returned for Http request at: 1702411238107
23:01:34.843 [reactor-http-nio-3] INFO  org.pigeon.apps.pigeoncrud.services.CustomerService - Http request came for: 2
23:01:38.405 [reactor-http-nio-3] INFO  org.pigeon.apps.pigeoncrud.services.CustomerService - Http request came for: 22
23:02:02.951 [reactor-http-nio-3] INFO  org.pigeon.apps.pigeoncrud.services.CustomerService - Http request came for: 22
23:07:43.475 [reactor-http-nio-3] INFO  org.pigeon.apps.pigeoncrud.services.CustomerService - All customers returned for Http request at: 1702411663475
23:08:07.099 [reactor-http-nio-11] INFO  org.pigeon.apps.pigeoncrud.services.CustomerService - All customers returned for Http request at: 1702411687099
23:08:45.710 [SpringApplicationShutdownHook] INFO  org.springframework.orm.jpa.LocalContainerEntityManagerFactoryBean - Closing JPA EntityManagerFactory for persistence unit 'default'
23:08:45.711 [SpringApplicationShutdownHook] INFO  com.zaxxer.hikari.HikariDataSource - HikariPool-1 - Shutdown initiated...
23:08:45.723 [SpringApplicationShutdownHook] INFO  com.zaxxer.hikari.HikariDataSource - HikariPool-1 - Shutdown completed.
